
*** Running vivado
    with args -log ExtendedHammingDecoder.vds -m64 -product Vivado -mode batch -messageDb vivado.pb -notrace -source ExtendedHammingDecoder.tcl


ECHO is off.
ECHO is off.

****** Vivado v2023.2 (64-bit)
  **** SW Build 4029153 on Fri Oct 13 20:14:34 MDT 2023
  **** IP Build 4028589 on Sat Oct 14 00:45:43 MDT 2023
  **** SharedData Build 4025554 on Tue Oct 10 17:18:54 MDT 2023
    ** Copyright 1986-2022 Xilinx, Inc. All Rights Reserved.
    ** Copyright 2022-2023 Advanced Micro Devices, Inc. All Rights Reserved.

source ExtendedHammingDecoder.tcl -notrace
create_project: Time (s): cpu = 00:00:03 ; elapsed = 00:00:07 . Memory (MB): peak = 484.598 ; gain = 180.195
Command: synth_design -top ExtendedHammingDecoder -part xc7a35tcpg236-1
Starting synth_design
Attempting to get a license for feature 'Synthesis' and/or device 'xc7a35t'
INFO: [Common 17-349] Got license for feature 'Synthesis' and/or device 'xc7a35t'
INFO: [Synth 8-7079] Multithreading enabled for synth_design using a maximum of 2 processes.
INFO: [Synth 8-7078] Launching helper process for spawning children vivado processes
INFO: [Synth 8-7075] Helper process launched with PID 69260
---------------------------------------------------------------------------------
Starting Synthesize : Time (s): cpu = 00:00:04 ; elapsed = 00:00:05 . Memory (MB): peak = 932.965 ; gain = 444.379
---------------------------------------------------------------------------------
INFO: [Synth 8-6157] synthesizing module 'ExtendedHammingDecoder' [C:/Users/Ragha/Vivado_Projects/project_5/project_5.srcs/sources_1/new/ExtendedHammingEncoder.v:23]
WARNING: [Synth 8-6104] Input port 'codeword' has an internal driver [C:/Users/Ragha/Vivado_Projects/project_5/project_5.srcs/sources_1/new/ExtendedHammingEncoder.v:113]
INFO: [Synth 8-6155] done synthesizing module 'ExtendedHammingDecoder' (0#1) [C:/Users/Ragha/Vivado_Projects/project_5/project_5.srcs/sources_1/new/ExtendedHammingEncoder.v:23]
---------------------------------------------------------------------------------
Finished Synthesize : Time (s): cpu = 00:00:05 ; elapsed = 00:00:07 . Memory (MB): peak = 1040.895 ; gain = 552.309
---------------------------------------------------------------------------------
---------------------------------------------------------------------------------
Finished Constraint Validation : Time (s): cpu = 00:00:06 ; elapsed = 00:00:07 . Memory (MB): peak = 1040.895 ; gain = 552.309
---------------------------------------------------------------------------------
---------------------------------------------------------------------------------
Start Loading Part and Timing Information
---------------------------------------------------------------------------------
Loading part: xc7a35tcpg236-1
---------------------------------------------------------------------------------
INFO: [Device 21-403] Loading part xc7a35tcpg236-1
Finished Loading Part and Timing Information : Time (s): cpu = 00:00:06 ; elapsed = 00:00:07 . Memory (MB): peak = 1040.895 ; gain = 552.309
---------------------------------------------------------------------------------
---------------------------------------------------------------------------------
Finished RTL Optimization Phase 2 : Time (s): cpu = 00:00:06 ; elapsed = 00:00:07 . Memory (MB): peak = 1040.895 ; gain = 552.309
---------------------------------------------------------------------------------
No constraint files found.
---------------------------------------------------------------------------------
Start RTL Component Statistics 
---------------------------------------------------------------------------------
Detailed RTL Component Info : 
+---Adders : 
	   2 Input   32 Bit       Adders := 1     
	   2 Input    7 Bit       Adders := 2     
	   2 Input    4 Bit       Adders := 8     
	   2 Input    3 Bit       Adders := 4     
+---XORs : 
	               72 Bit    Wide XORs := 7     
+---Registers : 
	               72 Bit    Registers := 1     
	               64 Bit    Registers := 1     
	                7 Bit    Registers := 3     
	                1 Bit    Registers := 3     
+---Muxes : 
	   2 Input   72 Bit        Muxes := 2     
	   2 Input    9 Bit        Muxes := 2     
	   2 Input    8 Bit        Muxes := 2     
	   2 Input    7 Bit        Muxes := 3     
	   2 Input    6 Bit        Muxes := 2     
	   2 Input    5 Bit        Muxes := 2     
	   2 Input    4 Bit        Muxes := 4     
	   2 Input    2 Bit        Muxes := 4     
---------------------------------------------------------------------------------
Finished RTL Component Statistics 
---------------------------------------------------------------------------------
---------------------------------------------------------------------------------
Start Part Resource Summary
---------------------------------------------------------------------------------
Part Resources:
DSPs: 90 (col length:60)
BRAMs: 100 (col length: RAMB18 60 RAMB36 30)
---------------------------------------------------------------------------------
Finished Part Resource Summary
---------------------------------------------------------------------------------
No constraint files found.
---------------------------------------------------------------------------------
Start Cross Boundary and Area Optimization
---------------------------------------------------------------------------------
WARNING: [Synth 8-7080] Parallel synthesis criteria is not met
---------------------------------------------------------------------------------
Finished Cross Boundary and Area Optimization : Time (s): cpu = 00:00:10 ; elapsed = 00:00:19 . Memory (MB): peak = 1243.504 ; gain = 754.918
---------------------------------------------------------------------------------
No constraint files found.
---------------------------------------------------------------------------------
Start Timing Optimization
---------------------------------------------------------------------------------
---------------------------------------------------------------------------------
Finished Timing Optimization : Time (s): cpu = 00:00:10 ; elapsed = 00:00:19 . Memory (MB): peak = 1243.504 ; gain = 754.918
---------------------------------------------------------------------------------
---------------------------------------------------------------------------------
Start Technology Mapping
---------------------------------------------------------------------------------
---------------------------------------------------------------------------------
Finished Technology Mapping : Time (s): cpu = 00:00:10 ; elapsed = 00:00:19 . Memory (MB): peak = 1243.504 ; gain = 754.918
---------------------------------------------------------------------------------
---------------------------------------------------------------------------------
Start IO Insertion
---------------------------------------------------------------------------------
---------------------------------------------------------------------------------
Start Flattening Before IO Insertion
---------------------------------------------------------------------------------
---------------------------------------------------------------------------------
Finished Flattening Before IO Insertion
---------------------------------------------------------------------------------
---------------------------------------------------------------------------------
Start Final Netlist Cleanup
---------------------------------------------------------------------------------
---------------------------------------------------------------------------------
Finished Final Netlist Cleanup
---------------------------------------------------------------------------------
---------------------------------------------------------------------------------
Finished IO Insertion : Time (s): cpu = 00:00:14 ; elapsed = 00:00:23 . Memory (MB): peak = 1243.504 ; gain = 754.918
---------------------------------------------------------------------------------
---------------------------------------------------------------------------------
Start Renaming Generated Instances
---------------------------------------------------------------------------------
---------------------------------------------------------------------------------
Finished Renaming Generated Instances : Time (s): cpu = 00:00:14 ; elapsed = 00:00:23 . Memory (MB): peak = 1243.504 ; gain = 754.918
---------------------------------------------------------------------------------
---------------------------------------------------------------------------------
Start Rebuilding User Hierarchy
---------------------------------------------------------------------------------
---------------------------------------------------------------------------------
Finished Rebuilding User Hierarchy : Time (s): cpu = 00:00:14 ; elapsed = 00:00:23 . Memory (MB): peak = 1243.504 ; gain = 754.918
---------------------------------------------------------------------------------
---------------------------------------------------------------------------------
Start Renaming Generated Ports
---------------------------------------------------------------------------------
---------------------------------------------------------------------------------
Finished Renaming Generated Ports : Time (s): cpu = 00:00:14 ; elapsed = 00:00:23 . Memory (MB): peak = 1243.504 ; gain = 754.918
---------------------------------------------------------------------------------
---------------------------------------------------------------------------------
Start Handling Custom Attributes
---------------------------------------------------------------------------------
---------------------------------------------------------------------------------
Finished Handling Custom Attributes : Time (s): cpu = 00:00:14 ; elapsed = 00:00:23 . Memory (MB): peak = 1243.504 ; gain = 754.918
---------------------------------------------------------------------------------
---------------------------------------------------------------------------------
Start Renaming Generated Nets
---------------------------------------------------------------------------------
---------------------------------------------------------------------------------
Finished Renaming Generated Nets : Time (s): cpu = 00:00:14 ; elapsed = 00:00:23 . Memory (MB): peak = 1243.504 ; gain = 754.918
---------------------------------------------------------------------------------
---------------------------------------------------------------------------------
Start Writing Synthesis Report
---------------------------------------------------------------------------------

Report BlackBoxes: 
+-+--------------+----------+
| |BlackBox name |Instances |
+-+--------------+----------+
+-+--------------+----------+

Report Cell Usage: 
+------+------+------+
|      |Cell  |Count |
+------+------+------+
|1     |BUFG  |     1|
|2     |LUT2  |     2|
|3     |LUT3  |    18|
|4     |LUT4  |    54|
|5     |LUT5  |    12|
|6     |LUT6  |    25|
|7     |MUXF7 |     1|
|8     |FDCE  |   160|
|9     |IBUF  |     3|
|10    |OBUF  |    67|
+------+------+------+

Report Instance Areas: 
+------+---------+-------+------+
|      |Instance |Module |Cells |
+------+---------+-------+------+
|1     |top      |       |   343|
+------+---------+-------+------+
---------------------------------------------------------------------------------
Finished Writing Synthesis Report : Time (s): cpu = 00:00:14 ; elapsed = 00:00:23 . Memory (MB): peak = 1243.504 ; gain = 754.918
---------------------------------------------------------------------------------
Synthesis finished with 0 errors, 0 critical warnings and 2 warnings.
Synthesis Optimization Runtime : Time (s): cpu = 00:00:14 ; elapsed = 00:00:23 . Memory (MB): peak = 1243.504 ; gain = 754.918
Synthesis Optimization Complete : Time (s): cpu = 00:00:14 ; elapsed = 00:00:23 . Memory (MB): peak = 1243.504 ; gain = 754.918
INFO: [Project 1-571] Translating synthesized netlist
Netlist sorting complete. Time (s): cpu = 00:00:00 ; elapsed = 00:00:00.003 . Memory (MB): peak = 1247.336 ; gain = 0.000
INFO: [Netlist 29-17] Analyzing 1 Unisim elements for replacement
INFO: [Netlist 29-28] Unisim Transformation completed in 0 CPU seconds
INFO: [Project 1-570] Preparing netlist for logic optimization
INFO: [Opt 31-138] Pushed 0 inverter(s) to 0 load pin(s).
Netlist sorting complete. Time (s): cpu = 00:00:00 ; elapsed = 00:00:00 . Memory (MB): peak = 1330.523 ; gain = 0.000
INFO: [Project 1-111] Unisim Transformation Summary:
No Unisim elements were transformed.

The system cannot find the path specified.
Synth Design complete | Checksum: 42306b44
INFO: [Common 17-83] Releasing license: Synthesis
14 Infos, 2 Warnings, 0 Critical Warnings and 0 Errors encountered.
synth_design completed successfully
synth_design: Time (s): cpu = 00:00:15 ; elapsed = 00:00:25 . Memory (MB): peak = 1330.523 ; gain = 845.926
Write ShapeDB Complete: Time (s): cpu = 00:00:00 ; elapsed = 00:00:00.001 . Memory (MB): peak = 1330.523 ; gain = 0.000
INFO: [Common 17-1381] The checkpoint 'C:/Users/Ragha/Vivado_Projects/project_5/project_5.runs/synth_1/ExtendedHammingDecoder.dcp' has been generated.
INFO: [runtcl-4] Executing : report_utilization -file ExtendedHammingDecoder_utilization_synth.rpt -pb ExtendedHammingDecoder_utilization_synth.pb
INFO: [Common 17-206] Exiting Vivado at Mon Sep 23 21:00:19 2024...
